{"C:\\Users\\aweso\\office-app\\src\\assets\\icons\\icon-Office.svg": {"path":"C:\\Users\\aweso\\office-app\\src\\assets\\icons\\icon-Office.svg","statementMap":{"0":{"start":{"line":1,"column":0},"end":{"line":1,"column":19}}},"fnMap":{},"branchMap":{},"s":{"0":1},"f":{},"b":{},"_coverageSchema":"43e27e138ebf9cfc5966b082cf9a028302ed4184","hash":"7ea79280281c2e89509f0c3207cd16c62bb3124c"}
,"C:\\Users\\aweso\\office-app\\src\\assets\\icons\\icon-chevron-down.svg": {"path":"C:\\Users\\aweso\\office-app\\src\\assets\\icons\\icon-chevron-down.svg","statementMap":{"0":{"start":{"line":1,"column":0},"end":{"line":1,"column":19}}},"fnMap":{},"branchMap":{},"s":{"0":2},"f":{},"b":{},"_coverageSchema":"43e27e138ebf9cfc5966b082cf9a028302ed4184","hash":"9a085d7a5204e21d6ab01c40fdcf43fa9c3e5583"}
,"C:\\Users\\aweso\\office-app\\src\\assets\\icons\\icon_flight_lookup.svg": {"path":"C:\\Users\\aweso\\office-app\\src\\assets\\icons\\icon_flight_lookup.svg","statementMap":{"0":{"start":{"line":1,"column":0},"end":{"line":1,"column":19}}},"fnMap":{},"branchMap":{},"s":{"0":3},"f":{},"b":{},"_coverageSchema":"43e27e138ebf9cfc5966b082cf9a028302ed4184","hash":"5fc5aa9c46a4314c6fd8557edcb89de3f5a8268f"}
,"C:\\Users\\aweso\\office-app\\src\\assets\\icons\\icon_location_pin.svg": {"path":"C:\\Users\\aweso\\office-app\\src\\assets\\icons\\icon_location_pin.svg","statementMap":{"0":{"start":{"line":1,"column":0},"end":{"line":1,"column":19}}},"fnMap":{},"branchMap":{},"s":{"0":2},"f":{},"b":{},"_coverageSchema":"43e27e138ebf9cfc5966b082cf9a028302ed4184","hash":"230cd084f0ea2ad3766112f65b8a6d01851be107"}
,"C:\\Users\\aweso\\office-app\\src\\assets\\icons\\icon_sunny.svg": {"path":"C:\\Users\\aweso\\office-app\\src\\assets\\icons\\icon_sunny.svg","statementMap":{"0":{"start":{"line":1,"column":0},"end":{"line":1,"column":19}}},"fnMap":{},"branchMap":{},"s":{"0":3},"f":{},"b":{},"_coverageSchema":"43e27e138ebf9cfc5966b082cf9a028302ed4184","hash":"d009af0558cc8aeab68f3932050475f8885723aa"}
,"C:\\Users\\aweso\\office-app\\src\\components\\FlightQuotes.vue": {"path":"C:\\Users\\aweso\\office-app\\src\\components\\FlightQuotes.vue","statementMap":{"0":{"start":{"line":29,"column":15},"end":{"line":29,"column":null}}},"fnMap":{},"branchMap":{},"s":{"0":3},"f":{},"b":{}}
,"C:\\Users\\aweso\\office-app\\src\\components\\FlightSearch.vue": {"path":"C:\\Users\\aweso\\office-app\\src\\components\\FlightSearch.vue","statementMap":{"0":{"start":{"line":44,"column":0},"end":{"line":44,"column":null}},"1":{"start":{"line":45,"column":0},"end":{"line":45,"column":null}},"2":{"start":{"line":46,"column":0},"end":{"line":46,"column":null}},"3":{"start":{"line":47,"column":0},"end":{"line":47,"column":null}},"4":{"start":{"line":51,"column":2},"end":{"line":53,"column":null}},"5":{"start":{"line":52,"column":4},"end":{"line":52,"column":11}},"6":{"start":{"line":54,"column":2},"end":{"line":56,"column":null}},"7":{"start":{"line":55,"column":4},"end":{"line":55,"column":11}},"8":{"start":{"line":57,"column":2},"end":{"line":57,"column":9}},"9":{"start":{"line":60,"column":25},"end":{"line":67,"column":7}},"10":{"start":{"line":67,"column":7},"end":{"line":60,"column":-1}},"11":{"start":{"line":67,"column":18},"end":{"line":67,"column":null}},"12":{"start":{"line":70,"column":17},"end":{"line":70,"column":44}},"13":{"start":{"line":72,"column":41},"end":{"line":72,"column":68}},"14":{"start":{"line":73,"column":46},"end":{"line":73,"column":null}},"15":{"start":{"line":79,"column":27},"end":{"line":79,"column":90}},"16":{"start":{"line":79,"column":72},"end":{"line":79,"column":90}},"17":{"start":{"line":80,"column":16},"end":{"line":80,"column":null}},"18":{"start":{"line":83,"column":15},"end":{"line":83,"column":null}},"19":{"start":{"line":96,"column":19},"end":{"line":96,"column":null}},"20":{"start":{"line":97,"column":18},"end":{"line":97,"column":27}},"21":{"start":{"line":106,"column":31},"end":{"line":106,"column":38}},"22":{"start":{"line":109,"column":6},"end":{"line":109,"column":11}},"23":{"start":{"line":110,"column":6},"end":{"line":110,"column":11}},"24":{"start":{"line":116,"column":6},"end":{"line":116,"column":11}},"25":{"start":{"line":117,"column":6},"end":{"line":122,"column":null}},"26":{"start":{"line":118,"column":8},"end":{"line":118,"column":17}},"27":{"start":{"line":121,"column":8},"end":{"line":121,"column":null}},"28":{"start":{"line":123,"column":63},"end":{"line":123,"column":null}},"29":{"start":{"line":124,"column":6},"end":{"line":157,"column":null}},"30":{"start":{"line":127,"column":12},"end":{"line":127,"column":29}},"31":{"start":{"line":132,"column":8},"end":{"line":149,"column":null}},"32":{"start":{"line":133,"column":31},"end":{"line":133,"column":37}},"33":{"start":{"line":134,"column":25},"end":{"line":134,"column":null}},"34":{"start":{"line":138,"column":10},"end":{"line":138,"column":15}},"35":{"start":{"line":148,"column":10},"end":{"line":148,"column":15}},"36":{"start":{"line":150,"column":24},"end":{"line":150,"column":null}},"37":{"start":{"line":154,"column":8},"end":{"line":154,"column":14}},"38":{"start":{"line":156,"column":8},"end":{"line":156,"column":17}},"39":{"start":{"line":160,"column":4},"end":{"line":160,"column":16}},"40":{"start":{"line":162,"column":6},"end":{"line":162,"column":11}},"41":{"start":{"line":163,"column":6},"end":{"line":163,"column":11}},"42":{"start":{"line":165,"column":4},"end":{"line":165,"column":11}}},"fnMap":{"0":{"name":"getFareType","decl":{"start":{"line":49,"column":9},"end":{"line":49,"column":22}},"loc":{"start":{"line":49,"column":43},"end":{"line":58,"column":null}}},"1":{"name":"(anonymous_1)","decl":{"start":{"line":60,"column":25},"end":{"line":60,"column":26}},"loc":{"start":{"line":67,"column":7},"end":{"line":60,"column":-1}}},"2":{"name":"(anonymous_2)","decl":{"start":{"line":67,"column":7},"end":{"line":67,"column":18}},"loc":{"start":{"line":67,"column":18},"end":{"line":67,"column":null}}},"3":{"name":"(anonymous_3)","decl":{"start":{"line":70,"column":5},"end":{"line":70,"column":17}},"loc":{"start":{"line":70,"column":17},"end":{"line":70,"column":44}}},"4":{"name":"(anonymous_4)","decl":{"start":{"line":72,"column":31},"end":{"line":72,"column":41}},"loc":{"start":{"line":72,"column":41},"end":{"line":72,"column":68}}},"5":{"name":"(anonymous_5)","decl":{"start":{"line":73,"column":36},"end":{"line":73,"column":46}},"loc":{"start":{"line":73,"column":46},"end":{"line":73,"column":null}}},"6":{"name":"(anonymous_6)","decl":{"start":{"line":79,"column":27},"end":{"line":79,"column":28}},"loc":{"start":{"line":79,"column":72},"end":{"line":79,"column":90}}},"7":{"name":"(anonymous_7)","decl":{"start":{"line":80,"column":3},"end":{"line":80,"column":16}},"loc":{"start":{"line":80,"column":16},"end":{"line":80,"column":null}}},"8":{"name":"(anonymous_8)","decl":{"start":{"line":95,"column":2},"end":{"line":95,"column":7}},"loc":{"start":{"line":95,"column":16},"end":{"line":170,"column":null}}},"9":{"name":"showError","decl":{"start":{"line":108,"column":13},"end":{"line":108,"column":24}},"loc":{"start":{"line":108,"column":29},"end":{"line":111,"column":null}}},"10":{"name":"searchFlightFareDetails","decl":{"start":{"line":113,"column":19},"end":{"line":113,"column":46}},"loc":{"start":{"line":113,"column":46},"end":{"line":158,"column":null}}},"11":{"name":"(anonymous_11)","decl":{"start":{"line":134,"column":12},"end":{"line":134,"column":13}},"loc":{"start":{"line":134,"column":25},"end":{"line":134,"column":null}}},"12":{"name":"(anonymous_12)","decl":{"start":{"line":160,"column":16},"end":{"line":160,"column":22}},"loc":{"start":{"line":160,"column":22},"end":{"line":164,"column":null}}}},"branchMap":{"0":{"loc":{"start":{"line":51,"column":2},"end":{"line":53,"column":null}},"type":"if","locations":[{"start":{"line":51,"column":2},"end":{"line":53,"column":null}},{"start":{"line":51,"column":2},"end":{"line":53,"column":null}}]},"1":{"loc":{"start":{"line":51,"column":6},"end":{"line":51,"column":22}},"type":"binary-expr","locations":[{"start":{"line":51,"column":6},"end":{"line":51,"column":22}},{"start":{"line":51,"column":22},"end":{"line":51,"column":55}}]},"2":{"loc":{"start":{"line":54,"column":2},"end":{"line":56,"column":null}},"type":"if","locations":[{"start":{"line":54,"column":2},"end":{"line":56,"column":null}},{"start":{"line":54,"column":2},"end":{"line":56,"column":null}}]},"3":{"loc":{"start":{"line":57,"column":24},"end":{"line":57,"column":36}},"type":"cond-expr","locations":[{"start":{"line":57,"column":24},"end":{"line":57,"column":36}},{"start":{"line":57,"column":36},"end":{"line":57,"column":null}}]},"4":{"loc":{"start":{"line":99,"column":10},"end":{"line":99,"column":31}},"type":"binary-expr","locations":[{"start":{"line":99,"column":10},"end":{"line":99,"column":31}},{"start":{"line":99,"column":31},"end":{"line":99,"column":null}}]},"5":{"loc":{"start":{"line":117,"column":6},"end":{"line":122,"column":null}},"type":"if","locations":[{"start":{"line":117,"column":6},"end":{"line":122,"column":null}},{"start":{"line":117,"column":6},"end":{"line":122,"column":null}}]},"6":{"loc":{"start":{"line":132,"column":8},"end":{"line":149,"column":null}},"type":"if","locations":[{"start":{"line":132,"column":8},"end":{"line":149,"column":null}},{"start":{"line":132,"column":8},"end":{"line":149,"column":null}}]},"7":{"loc":{"start":{"line":134,"column":44},"end":{"line":134,"column":57}},"type":"cond-expr","locations":[{"start":{"line":134,"column":44},"end":{"line":134,"column":57}},{"start":{"line":134,"column":57},"end":{"line":134,"column":null}}]}},"s":{"0":2,"1":2,"2":2,"3":2,"4":0,"5":0,"6":0,"7":0,"8":0,"9":2,"10":0,"11":0,"12":0,"13":0,"14":0,"15":2,"16":2,"17":4,"18":2,"19":4,"20":4,"21":4,"22":2,"23":2,"24":2,"25":2,"26":1,"27":1,"28":1,"29":1,"30":1,"31":0,"32":0,"33":0,"34":0,"35":0,"36":0,"37":0,"38":0,"39":4,"40":4,"41":4,"42":4},"f":{"0":0,"1":0,"2":0,"3":0,"4":0,"5":0,"6":2,"7":4,"8":4,"9":2,"10":2,"11":0,"12":4},"b":{"0":[0,0],"1":[0,0],"2":[0,0],"3":[0,0],"4":[4,4],"5":[1,1],"6":[0,0],"7":[0,0]}}
,"C:\\Users\\aweso\\office-app\\src\\components\\LocationCard.vue": {"path":"C:\\Users\\aweso\\office-app\\src\\components\\LocationCard.vue","statementMap":{"0":{"start":{"line":81,"column":0},"end":{"line":81,"column":null}},"1":{"start":{"line":84,"column":0},"end":{"line":84,"column":null}},"2":{"start":{"line":85,"column":0},"end":{"line":85,"column":null}},"3":{"start":{"line":86,"column":0},"end":{"line":86,"column":null}},"4":{"start":{"line":88,"column":15},"end":{"line":88,"column":null}},"5":{"start":{"line":101,"column":19},"end":{"line":101,"column":null}},"6":{"start":{"line":102,"column":18},"end":{"line":102,"column":27}},"7":{"start":{"line":104,"column":35},"end":{"line":104,"column":null}},"8":{"start":{"line":108,"column":4},"end":{"line":108,"column":16}},"9":{"start":{"line":111,"column":6},"end":{"line":111,"column":11}},"10":{"start":{"line":112,"column":32},"end":{"line":112,"column":null}},"11":{"start":{"line":113,"column":8},"end":{"line":123,"column":null}},"12":{"start":{"line":114,"column":10},"end":{"line":114,"column":25}},"13":{"start":{"line":115,"column":10},"end":{"line":118,"column":null}},"14":{"start":{"line":116,"column":12},"end":{"line":116,"column":27}},"15":{"start":{"line":117,"column":12},"end":{"line":117,"column":27}},"16":{"start":{"line":119,"column":10},"end":{"line":119,"column":17}},"17":{"start":{"line":124,"column":8},"end":{"line":124,"column":15}},"18":{"start":{"line":130,"column":6},"end":{"line":130,"column":11}},"19":{"start":{"line":135,"column":6},"end":{"line":135,"column":11}},"20":{"start":{"line":136,"column":6},"end":{"line":136,"column":13}},"21":{"start":{"line":141,"column":6},"end":{"line":141,"column":7}},"22":{"start":{"line":142,"column":6},"end":{"line":142,"column":22}},"23":{"start":{"line":147,"column":6},"end":{"line":147,"column":22}},"24":{"start":{"line":150,"column":4},"end":{"line":150,"column":11}}},"fnMap":{"0":{"name":"(anonymous_0)","decl":{"start":{"line":100,"column":2},"end":{"line":100,"column":7}},"loc":{"start":{"line":100,"column":25},"end":{"line":157,"column":null}}},"1":{"name":"(anonymous_1)","decl":{"start":{"line":104,"column":29},"end":{"line":104,"column":35}},"loc":{"start":{"line":104,"column":35},"end":{"line":104,"column":null}}},"2":{"name":"(anonymous_2)","decl":{"start":{"line":108,"column":16},"end":{"line":108,"column":22}},"loc":{"start":{"line":108,"column":22},"end":{"line":126,"column":null}}},"3":{"name":"(anonymous_3)","decl":{"start":{"line":111,"column":57},"end":{"line":111,"column":70}},"loc":{"start":{"line":111,"column":70},"end":{"line":125,"column":null}}},"4":{"name":"toggleLocation","decl":{"start":{"line":128,"column":13},"end":{"line":128,"column":29}},"loc":{"start":{"line":128,"column":48},"end":{"line":131,"column":null}}},"5":{"name":"emitFlightSearch","decl":{"start":{"line":133,"column":13},"end":{"line":133,"column":31}},"loc":{"start":{"line":133,"column":40},"end":{"line":137,"column":null}}},"6":{"name":"searchFlightByCode","decl":{"start":{"line":139,"column":13},"end":{"line":139,"column":33}},"loc":{"start":{"line":139,"column":46},"end":{"line":143,"column":null}}},"7":{"name":"searchFlightByDate","decl":{"start":{"line":145,"column":13},"end":{"line":145,"column":33}},"loc":{"start":{"line":145,"column":53},"end":{"line":148,"column":null}}}},"branchMap":{"0":{"loc":{"start":{"line":113,"column":8},"end":{"line":123,"column":null}},"type":"if","locations":[{"start":{"line":113,"column":8},"end":{"line":123,"column":null}},{"start":{"line":113,"column":8},"end":{"line":123,"column":null}}]},"1":{"loc":{"start":{"line":115,"column":10},"end":{"line":118,"column":null}},"type":"if","locations":[{"start":{"line":115,"column":10},"end":{"line":118,"column":null}},{"start":{"line":115,"column":10},"end":{"line":118,"column":null}}]}},"s":{"0":2,"1":2,"2":2,"3":2,"4":2,"5":5,"6":5,"7":5,"8":5,"9":9,"10":27,"11":27,"12":27,"13":27,"14":0,"15":0,"16":27,"17":0,"18":1,"19":3,"20":3,"21":1,"22":1,"23":1,"24":5},"f":{"0":5,"1":5,"2":9,"3":27,"4":1,"5":3,"6":1,"7":1},"b":{"0":[27,0],"1":[0,27]}}
,"C:\\Users\\aweso\\office-app\\src\\components\\WeatherInfo.vue": {"path":"C:\\Users\\aweso\\office-app\\src\\components\\WeatherInfo.vue","statementMap":{"0":{"start":{"line":41,"column":0},"end":{"line":41,"column":null}},"1":{"start":{"line":44,"column":0},"end":{"line":44,"column":null}},"2":{"start":{"line":45,"column":0},"end":{"line":45,"column":null}},"3":{"start":{"line":47,"column":19},"end":{"line":47,"column":null}},"4":{"start":{"line":51,"column":31},"end":{"line":51,"column":null}},"5":{"start":{"line":52,"column":2},"end":{"line":52,"column":9}},"6":{"start":{"line":61,"column":2},"end":{"line":61,"column":9}},"7":{"start":{"line":61,"column":52},"end":{"line":61,"column":67}},"8":{"start":{"line":61,"column":81},"end":{"line":61,"column":97}},"9":{"start":{"line":66,"column":2},"end":{"line":66,"column":9}},"10":{"start":{"line":71,"column":2},"end":{"line":71,"column":9}},"11":{"start":{"line":80,"column":22},"end":{"line":80,"column":29}},"12":{"start":{"line":81,"column":2},"end":{"line":81,"column":9}},"13":{"start":{"line":81,"column":45},"end":{"line":81,"column":null}},"14":{"start":{"line":88,"column":6},"end":{"line":88,"column":37}},"15":{"start":{"line":89,"column":2},"end":{"line":89,"column":9}},"16":{"start":{"line":92,"column":15},"end":{"line":92,"column":null}},"17":{"start":{"line":108,"column":4},"end":{"line":108,"column":16}},"18":{"start":{"line":109,"column":18},"end":{"line":109,"column":27}},"19":{"start":{"line":114,"column":4},"end":{"line":114,"column":16}},"20":{"start":{"line":116,"column":6},"end":{"line":116,"column":11}},"21":{"start":{"line":117,"column":6},"end":{"line":117,"column":11}},"22":{"start":{"line":123,"column":4},"end":{"line":123,"column":null}},"23":{"start":{"line":124,"column":12},"end":{"line":124,"column":null}},"24":{"start":{"line":127,"column":8},"end":{"line":127,"column":13}},"25":{"start":{"line":136,"column":6},"end":{"line":136,"column":7}},"26":{"start":{"line":137,"column":6},"end":{"line":137,"column":11}},"27":{"start":{"line":138,"column":6},"end":{"line":138,"column":13}},"28":{"start":{"line":143,"column":4},"end":{"line":143,"column":11}}},"fnMap":{"0":{"name":"getTemeratureValues","decl":{"start":{"line":49,"column":9},"end":{"line":49,"column":30}},"loc":{"start":{"line":49,"column":43},"end":{"line":56,"column":null}}},"1":{"name":"getIcon","decl":{"start":{"line":58,"column":9},"end":{"line":58,"column":18}},"loc":{"start":{"line":58,"column":26},"end":{"line":62,"column":null}}},"2":{"name":"(anonymous_2)","decl":{"start":{"line":61,"column":27},"end":{"line":61,"column":28}},"loc":{"start":{"line":61,"column":52},"end":{"line":61,"column":67}}},"3":{"name":"(anonymous_3)","decl":{"start":{"line":61,"column":74},"end":{"line":61,"column":81}},"loc":{"start":{"line":61,"column":81},"end":{"line":61,"column":97}}},"4":{"name":"weatherInfoByLocationkey","decl":{"start":{"line":64,"column":9},"end":{"line":64,"column":35}},"loc":{"start":{"line":64,"column":48},"end":{"line":67,"column":null}}},"5":{"name":"serialiseWeatherInfo","decl":{"start":{"line":69,"column":9},"end":{"line":69,"column":31}},"loc":{"start":{"line":69,"column":59},"end":{"line":76,"column":null}}},"6":{"name":"findSelectedDateIndex","decl":{"start":{"line":78,"column":9},"end":{"line":78,"column":32}},"loc":{"start":{"line":78,"column":60},"end":{"line":82,"column":null}}},"7":{"name":"(anonymous_7)","decl":{"start":{"line":81,"column":33},"end":{"line":81,"column":45}},"loc":{"start":{"line":81,"column":45},"end":{"line":81,"column":null}}},"8":{"name":"loadWeatherInfo","decl":{"start":{"line":84,"column":15},"end":{"line":84,"column":32}},"loc":{"start":{"line":84,"column":45},"end":{"line":90,"column":null}}},"9":{"name":"(anonymous_9)","decl":{"start":{"line":107,"column":2},"end":{"line":107,"column":7}},"loc":{"start":{"line":107,"column":25},"end":{"line":147,"column":null}}},"10":{"name":"(anonymous_10)","decl":{"start":{"line":114,"column":16},"end":{"line":114,"column":28}},"loc":{"start":{"line":114,"column":28},"end":{"line":121,"column":null}}},"11":{"name":"(anonymous_11)","decl":{"start":{"line":124,"column":6},"end":{"line":124,"column":12}},"loc":{"start":{"line":124,"column":12},"end":{"line":124,"column":null}}},"12":{"name":"(anonymous_12)","decl":{"start":{"line":125,"column":6},"end":{"line":125,"column":12}},"loc":{"start":{"line":125,"column":12},"end":{"line":131,"column":null}}},"13":{"name":"searchFlightByDate","decl":{"start":{"line":134,"column":13},"end":{"line":134,"column":33}},"loc":{"start":{"line":134,"column":49},"end":{"line":142,"column":null}}}},"branchMap":{"0":{"loc":{"start":{"line":53,"column":36},"end":{"line":53,"column":40}},"type":"cond-expr","locations":[{"start":{"line":53,"column":36},"end":{"line":53,"column":40}},{"start":{"line":53,"column":64},"end":{"line":53,"column":null}}]},"1":{"loc":{"start":{"line":53,"column":9},"end":{"line":53,"column":16}},"type":"binary-expr","locations":[{"start":{"line":53,"column":9},"end":{"line":53,"column":16}},{"start":{"line":53,"column":20},"end":{"line":53,"column":36}}]},"2":{"loc":{"start":{"line":54,"column":36},"end":{"line":54,"column":40}},"type":"cond-expr","locations":[{"start":{"line":54,"column":36},"end":{"line":54,"column":40}},{"start":{"line":54,"column":64},"end":{"line":54,"column":null}}]},"3":{"loc":{"start":{"line":54,"column":9},"end":{"line":54,"column":16}},"type":"binary-expr","locations":[{"start":{"line":54,"column":9},"end":{"line":54,"column":16}},{"start":{"line":54,"column":20},"end":{"line":54,"column":36}}]}},"s":{"0":3,"1":3,"2":3,"3":3,"4":0,"5":0,"6":0,"7":0,"8":0,"9":2,"10":0,"11":0,"12":0,"13":0,"14":2,"15":0,"16":3,"17":2,"18":2,"19":2,"20":2,"21":0,"22":2,"23":2,"24":0,"25":1,"26":1,"27":1,"28":2},"f":{"0":0,"1":0,"2":0,"3":0,"4":2,"5":0,"6":0,"7":0,"8":2,"9":2,"10":2,"11":2,"12":0,"13":1},"b":{"0":[0,0],"1":[0,0],"2":[0,0],"3":[0,0]}}
,"C:\\Users\\aweso\\office-app\\src\\constants\\index.js": {"path":"C:\\Users\\aweso\\office-app\\src\\constants\\index.js","statementMap":{"0":{"start":{"line":1,"column":31},"end":{"line":1,"column":65}},"1":{"start":{"line":2,"column":30},"end":{"line":2,"column":82}},"2":{"start":{"line":4,"column":36},"end":{"line":4,"column":73}},"3":{"start":{"line":5,"column":36},"end":{"line":5,"column":100}},"4":{"start":{"line":8,"column":31},"end":{"line":27,"column":2}},"5":{"start":{"line":30,"column":32},"end":{"line":61,"column":2}}},"fnMap":{},"branchMap":{},"s":{"0":4,"1":4,"2":4,"3":4,"4":4,"5":4},"f":{},"b":{},"_coverageSchema":"43e27e138ebf9cfc5966b082cf9a028302ed4184","hash":"679b917968d04ca4d9027912f25270fa37a2115b"}
,"C:\\Users\\aweso\\office-app\\src\\services\\index.js": {"path":"C:\\Users\\aweso\\office-app\\src\\services\\index.js","statementMap":{"0":{"start":{"line":6,"column":19},"end":{"line":19,"column":1}},"1":{"start":{"line":8,"column":4},"end":{"line":8,"column":123}},"2":{"start":{"line":11,"column":16},"end":{"line":11,"column":132}},"3":{"start":{"line":12,"column":4},"end":{"line":17,"column":6}}},"fnMap":{"0":{"name":"(anonymous_0)","decl":{"start":{"line":7,"column":2},"end":{"line":7,"column":3}},"loc":{"start":{"line":7,"column":45},"end":{"line":9,"column":3}},"line":7},"1":{"name":"(anonymous_1)","decl":{"start":{"line":10,"column":2},"end":{"line":10,"column":3}},"loc":{"start":{"line":10,"column":58},"end":{"line":18,"column":3}},"line":10}},"branchMap":{},"s":{"0":4,"1":2,"2":1,"3":1},"f":{"0":2,"1":1},"b":{},"_coverageSchema":"43e27e138ebf9cfc5966b082cf9a028302ed4184","hash":"e34d8ba08fc2fbc3472136ec31442c23af40a8ad"}
,"C:\\Users\\aweso\\office-app\\src\\views\\Home.vue": {"path":"C:\\Users\\aweso\\office-app\\src\\views\\Home.vue","statementMap":{"0":{"start":{"line":53,"column":0},"end":{"line":53,"column":null}},"1":{"start":{"line":54,"column":0},"end":{"line":54,"column":null}},"2":{"start":{"line":55,"column":0},"end":{"line":55,"column":null}},"3":{"start":{"line":56,"column":0},"end":{"line":56,"column":null}},"4":{"start":{"line":57,"column":0},"end":{"line":57,"column":null}},"5":{"start":{"line":59,"column":15},"end":{"line":59,"column":null}},"6":{"start":{"line":65,"column":28},"end":{"line":65,"column":null}},"7":{"start":{"line":66,"column":31},"end":{"line":66,"column":47}},"8":{"start":{"line":66,"column":67},"end":{"line":66,"column":null}},"9":{"start":{"line":70,"column":18},"end":{"line":70,"column":27}},"10":{"start":{"line":77,"column":4},"end":{"line":77,"column":12}},"11":{"start":{"line":78,"column":4},"end":{"line":78,"column":12}},"12":{"start":{"line":84,"column":6},"end":{"line":84,"column":11}},"13":{"start":{"line":85,"column":6},"end":{"line":87,"column":null}},"14":{"start":{"line":86,"column":8},"end":{"line":86,"column":13}},"15":{"start":{"line":88,"column":6},"end":{"line":90,"column":null}},"16":{"start":{"line":89,"column":8},"end":{"line":89,"column":13}},"17":{"start":{"line":92,"column":4},"end":{"line":92,"column":11}}},"fnMap":{"0":{"name":"(anonymous_0)","decl":{"start":{"line":64,"column":2},"end":{"line":64,"column":7}},"loc":{"start":{"line":64,"column":11},"end":{"line":96,"column":null}}},"1":{"name":"(anonymous_1)","decl":{"start":{"line":66,"column":51},"end":{"line":66,"column":52}},"loc":{"start":{"line":66,"column":67},"end":{"line":66,"column":null}}},"2":{"name":"searchFlight","decl":{"start":{"line":80,"column":13},"end":{"line":80,"column":27}},"loc":{"start":{"line":80,"column":47},"end":{"line":91,"column":null}}}},"branchMap":{"0":{"loc":{"start":{"line":85,"column":6},"end":{"line":87,"column":null}},"type":"if","locations":[{"start":{"line":85,"column":6},"end":{"line":87,"column":null}},{"start":{"line":85,"column":6},"end":{"line":87,"column":null}}]},"1":{"loc":{"start":{"line":88,"column":6},"end":{"line":90,"column":null}},"type":"if","locations":[{"start":{"line":88,"column":6},"end":{"line":90,"column":null}},{"start":{"line":88,"column":6},"end":{"line":90,"column":null}}]}},"s":{"0":1,"1":1,"2":1,"3":1,"4":1,"5":1,"6":2,"7":2,"8":6,"9":2,"10":2,"11":2,"12":2,"13":2,"14":1,"15":2,"16":1,"17":2},"f":{"0":2,"1":6,"2":2},"b":{"0":[1,1],"1":[1,1]}}
}
