TN:
SF:C:\Users\aweso\office-app\src\assets\icons\icon-Office.svg
FNF:0
FNH:0
DA:1,1
LF:1
LH:1
BRF:0
BRH:0
end_of_record
TN:
SF:C:\Users\aweso\office-app\src\assets\icons\icon-chevron-down.svg
FNF:0
FNH:0
DA:1,2
LF:1
LH:1
BRF:0
BRH:0
end_of_record
TN:
SF:C:\Users\aweso\office-app\src\assets\icons\icon_flight_lookup.svg
FNF:0
FNH:0
DA:1,3
LF:1
LH:1
BRF:0
BRH:0
end_of_record
TN:
SF:C:\Users\aweso\office-app\src\assets\icons\icon_location_pin.svg
FNF:0
FNH:0
DA:1,2
LF:1
LH:1
BRF:0
BRH:0
end_of_record
TN:
SF:C:\Users\aweso\office-app\src\assets\icons\icon_sunny.svg
FNF:0
FNH:0
DA:1,3
LF:1
LH:1
BRF:0
BRH:0
end_of_record
TN:
SF:C:\Users\aweso\office-app\src\components\FlightQuotes.vue
FNF:0
FNH:0
DA:29,3
LF:1
LH:1
BRF:0
BRH:0
end_of_record
TN:
SF:C:\Users\aweso\office-app\src\components\FlightSearch.vue
FN:49,getFareType
FN:60,(anonymous_1)
FN:67,(anonymous_2)
FN:70,(anonymous_3)
FN:72,(anonymous_4)
FN:73,(anonymous_5)
FN:79,(anonymous_6)
FN:80,(anonymous_7)
FN:95,(anonymous_8)
FN:108,showError
FN:113,searchFlightFareDetails
FN:134,(anonymous_11)
FN:160,(anonymous_12)
FNF:13
FNH:6
FNDA:0,getFareType
FNDA:0,(anonymous_1)
FNDA:0,(anonymous_2)
FNDA:0,(anonymous_3)
FNDA:0,(anonymous_4)
FNDA:0,(anonymous_5)
FNDA:2,(anonymous_6)
FNDA:4,(anonymous_7)
FNDA:4,(anonymous_8)
FNDA:2,showError
FNDA:2,searchFlightFareDetails
FNDA:0,(anonymous_11)
FNDA:4,(anonymous_12)
DA:44,2
DA:45,2
DA:46,2
DA:47,2
DA:51,0
DA:52,0
DA:54,0
DA:55,0
DA:57,0
DA:60,2
DA:67,0
DA:70,0
DA:72,0
DA:73,0
DA:79,2
DA:80,4
DA:83,2
DA:96,4
DA:97,4
DA:106,4
DA:109,2
DA:110,2
DA:116,2
DA:117,2
DA:118,1
DA:121,1
DA:123,1
DA:124,1
DA:127,1
DA:132,0
DA:133,0
DA:134,0
DA:138,0
DA:148,0
DA:150,0
DA:154,0
DA:156,0
DA:160,4
DA:162,4
DA:163,4
DA:165,4
LF:41
LH:24
BRDA:51,0,0,0
BRDA:51,0,1,0
BRDA:51,1,0,0
BRDA:51,1,1,0
BRDA:54,2,0,0
BRDA:54,2,1,0
BRDA:57,3,0,0
BRDA:57,3,1,0
BRDA:99,4,0,4
BRDA:99,4,1,4
BRDA:117,5,0,1
BRDA:117,5,1,1
BRDA:132,6,0,0
BRDA:132,6,1,0
BRDA:134,7,0,0
BRDA:134,7,1,0
BRF:16
BRH:4
end_of_record
TN:
SF:C:\Users\aweso\office-app\src\components\LocationCard.vue
FN:100,(anonymous_0)
FN:104,(anonymous_1)
FN:108,(anonymous_2)
FN:111,(anonymous_3)
FN:128,toggleLocation
FN:133,emitFlightSearch
FN:139,searchFlightByCode
FN:145,searchFlightByDate
FNF:8
FNH:8
FNDA:5,(anonymous_0)
FNDA:5,(anonymous_1)
FNDA:9,(anonymous_2)
FNDA:27,(anonymous_3)
FNDA:1,toggleLocation
FNDA:3,emitFlightSearch
FNDA:1,searchFlightByCode
FNDA:1,searchFlightByDate
DA:81,2
DA:84,2
DA:85,2
DA:86,2
DA:88,2
DA:101,5
DA:102,5
DA:104,5
DA:108,5
DA:111,9
DA:112,27
DA:113,27
DA:114,27
DA:115,27
DA:116,0
DA:117,0
DA:119,27
DA:124,0
DA:130,1
DA:135,3
DA:136,3
DA:141,1
DA:142,1
DA:147,1
DA:150,5
LF:25
LH:22
BRDA:113,0,0,27
BRDA:113,0,1,0
BRDA:115,1,0,0
BRDA:115,1,1,27
BRF:4
BRH:2
end_of_record
TN:
SF:C:\Users\aweso\office-app\src\components\WeatherInfo.vue
FN:49,getTemeratureValues
FN:58,getIcon
FN:61,(anonymous_2)
FN:61,(anonymous_3)
FN:64,weatherInfoByLocationkey
FN:69,serialiseWeatherInfo
FN:78,findSelectedDateIndex
FN:81,(anonymous_7)
FN:84,loadWeatherInfo
FN:107,(anonymous_9)
FN:114,(anonymous_10)
FN:124,(anonymous_11)
FN:125,(anonymous_12)
FN:134,searchFlightByDate
FNF:14
FNH:6
FNDA:0,getTemeratureValues
FNDA:0,getIcon
FNDA:0,(anonymous_2)
FNDA:0,(anonymous_3)
FNDA:2,weatherInfoByLocationkey
FNDA:0,serialiseWeatherInfo
FNDA:0,findSelectedDateIndex
FNDA:0,(anonymous_7)
FNDA:2,loadWeatherInfo
FNDA:2,(anonymous_9)
FNDA:2,(anonymous_10)
FNDA:2,(anonymous_11)
FNDA:0,(anonymous_12)
FNDA:1,searchFlightByDate
DA:41,3
DA:44,3
DA:45,3
DA:47,3
DA:51,0
DA:52,0
DA:61,0
DA:66,2
DA:71,0
DA:80,0
DA:81,0
DA:88,2
DA:89,0
DA:92,3
DA:108,2
DA:109,2
DA:114,2
DA:116,2
DA:117,0
DA:123,2
DA:124,2
DA:127,0
DA:136,1
DA:137,1
DA:138,1
DA:143,2
LF:26
LH:17
BRDA:53,0,0,0
BRDA:53,0,1,0
BRDA:53,1,0,0
BRDA:53,1,1,0
BRDA:54,2,0,0
BRDA:54,2,1,0
BRDA:54,3,0,0
BRDA:54,3,1,0
BRF:8
BRH:0
end_of_record
TN:
SF:C:\Users\aweso\office-app\src\constants\index.js
FNF:0
FNH:0
DA:1,4
DA:2,4
DA:4,4
DA:5,4
DA:8,4
DA:30,4
LF:6
LH:6
BRF:0
BRH:0
end_of_record
TN:
SF:C:\Users\aweso\office-app\src\services\index.js
FN:7,(anonymous_0)
FN:10,(anonymous_1)
FNF:2
FNH:2
FNDA:2,(anonymous_0)
FNDA:1,(anonymous_1)
DA:6,4
DA:8,2
DA:11,1
DA:12,1
LF:4
LH:4
BRF:0
BRH:0
end_of_record
TN:
SF:C:\Users\aweso\office-app\src\views\Home.vue
FN:64,(anonymous_0)
FN:66,(anonymous_1)
FN:80,searchFlight
FNF:3
FNH:3
FNDA:2,(anonymous_0)
FNDA:6,(anonymous_1)
FNDA:2,searchFlight
DA:53,1
DA:54,1
DA:55,1
DA:56,1
DA:57,1
DA:59,1
DA:65,2
DA:66,6
DA:70,2
DA:77,2
DA:78,2
DA:84,2
DA:85,2
DA:86,1
DA:88,2
DA:89,1
DA:92,2
LF:17
LH:17
BRDA:85,0,0,1
BRDA:85,0,1,1
BRDA:88,1,0,1
BRDA:88,1,1,1
BRF:4
BRH:4
end_of_record
